[29-May-2020 08:57:20 UTC] PHP Warning:  Illegal string offset 'name' in D:\xampp\htdocs\wordpress\wp-content\themes\thao-nguyen\functions.php on line 151
[29-May-2020 08:57:20 UTC] PHP Warning:  Illegal string offset 'id' in D:\xampp\htdocs\wordpress\wp-content\themes\thao-nguyen\functions.php on line 152
[29-May-2020 08:57:20 UTC] PHP Warning:  Illegal string offset 'name' in D:\xampp\htdocs\wordpress\wp-content\themes\thao-nguyen\functions.php on line 151
[29-May-2020 08:57:20 UTC] PHP Warning:  Illegal string offset 'id' in D:\xampp\htdocs\wordpress\wp-content\themes\thao-nguyen\functions.php on line 152
[29-May-2020 08:57:20 UTC] PHP Warning:  Illegal string offset 'name' in D:\xampp\htdocs\wordpress\wp-content\themes\thao-nguyen\functions.php on line 151
[29-May-2020 08:57:20 UTC] PHP Warning:  Illegal string offset 'id' in D:\xampp\htdocs\wordpress\wp-content\themes\thao-nguyen\functions.php on line 152
[29-May-2020 08:57:20 UTC] PHP Warning:  Illegal string offset 'name' in D:\xampp\htdocs\wordpress\wp-content\themes\thao-nguyen\functions.php on line 151
[29-May-2020 08:57:20 UTC] PHP Warning:  Illegal string offset 'id' in D:\xampp\htdocs\wordpress\wp-content\themes\thao-nguyen\functions.php on line 152
[29-May-2020 08:57:20 UTC] PHP Warning:  Illegal string offset 'name' in D:\xampp\htdocs\wordpress\wp-content\themes\thao-nguyen\functions.php on line 151
[29-May-2020 08:57:20 UTC] PHP Warning:  Illegal string offset 'id' in D:\xampp\htdocs\wordpress\wp-content\themes\thao-nguyen\functions.php on line 152
[29-May-2020 08:57:20 UTC] PHP Warning:  Illegal string offset 'name' in D:\xampp\htdocs\wordpress\wp-content\themes\thao-nguyen\functions.php on line 151
[29-May-2020 08:57:20 UTC] PHP Warning:  Illegal string offset 'id' in D:\xampp\htdocs\wordpress\wp-content\themes\thao-nguyen\functions.php on line 152
[29-May-2020 08:58:20 UTC] PHP Warning:  Illegal string offset 'name' in D:\xampp\htdocs\wordpress\wp-content\themes\thao-nguyen\functions.php on line 151
[29-May-2020 08:58:20 UTC] PHP Warning:  Illegal string offset 'id' in D:\xampp\htdocs\wordpress\wp-content\themes\thao-nguyen\functions.php on line 152
[29-May-2020 08:58:20 UTC] PHP Warning:  Illegal string offset 'name' in D:\xampp\htdocs\wordpress\wp-content\themes\thao-nguyen\functions.php on line 151
[29-May-2020 08:58:20 UTC] PHP Warning:  Illegal string offset 'id' in D:\xampp\htdocs\wordpress\wp-content\themes\thao-nguyen\functions.php on line 152
[29-May-2020 08:58:20 UTC] PHP Warning:  Illegal string offset 'name' in D:\xampp\htdocs\wordpress\wp-content\themes\thao-nguyen\functions.php on line 151
[29-May-2020 08:58:20 UTC] PHP Warning:  Illegal string offset 'id' in D:\xampp\htdocs\wordpress\wp-content\themes\thao-nguyen\functions.php on line 152
[29-May-2020 08:58:20 UTC] PHP Warning:  Illegal string offset 'name' in D:\xampp\htdocs\wordpress\wp-content\themes\thao-nguyen\functions.php on line 151
[29-May-2020 08:58:20 UTC] PHP Warning:  Illegal string offset 'id' in D:\xampp\htdocs\wordpress\wp-content\themes\thao-nguyen\functions.php on line 152
[29-May-2020 08:58:20 UTC] PHP Warning:  Illegal string offset 'name' in D:\xampp\htdocs\wordpress\wp-content\themes\thao-nguyen\functions.php on line 151
[29-May-2020 08:58:20 UTC] PHP Warning:  Illegal string offset 'id' in D:\xampp\htdocs\wordpress\wp-content\themes\thao-nguyen\functions.php on line 152
[29-May-2020 08:58:20 UTC] PHP Warning:  Illegal string offset 'name' in D:\xampp\htdocs\wordpress\wp-content\themes\thao-nguyen\functions.php on line 151
[29-May-2020 08:58:20 UTC] PHP Warning:  Illegal string offset 'id' in D:\xampp\htdocs\wordpress\wp-content\themes\thao-nguyen\functions.php on line 152
[29-May-2020 09:00:20 UTC] PHP Warning:  Illegal string offset 'name' in D:\xampp\htdocs\wordpress\wp-content\themes\thao-nguyen\functions.php on line 151
[29-May-2020 09:00:20 UTC] PHP Warning:  Illegal string offset 'id' in D:\xampp\htdocs\wordpress\wp-content\themes\thao-nguyen\functions.php on line 152
[29-May-2020 09:00:20 UTC] PHP Warning:  Illegal string offset 'name' in D:\xampp\htdocs\wordpress\wp-content\themes\thao-nguyen\functions.php on line 151
[29-May-2020 09:00:20 UTC] PHP Warning:  Illegal string offset 'id' in D:\xampp\htdocs\wordpress\wp-content\themes\thao-nguyen\functions.php on line 152
[29-May-2020 09:00:20 UTC] PHP Warning:  Illegal string offset 'name' in D:\xampp\htdocs\wordpress\wp-content\themes\thao-nguyen\functions.php on line 151
[29-May-2020 09:00:20 UTC] PHP Warning:  Illegal string offset 'id' in D:\xampp\htdocs\wordpress\wp-content\themes\thao-nguyen\functions.php on line 152
[29-May-2020 09:00:20 UTC] PHP Warning:  Illegal string offset 'name' in D:\xampp\htdocs\wordpress\wp-content\themes\thao-nguyen\functions.php on line 151
[29-May-2020 09:00:20 UTC] PHP Warning:  Illegal string offset 'id' in D:\xampp\htdocs\wordpress\wp-content\themes\thao-nguyen\functions.php on line 152
[29-May-2020 09:00:21 UTC] PHP Warning:  Illegal string offset 'name' in D:\xampp\htdocs\wordpress\wp-content\themes\thao-nguyen\functions.php on line 151
[29-May-2020 09:00:21 UTC] PHP Warning:  Illegal string offset 'id' in D:\xampp\htdocs\wordpress\wp-content\themes\thao-nguyen\functions.php on line 152
[29-May-2020 09:00:21 UTC] PHP Warning:  Illegal string offset 'name' in D:\xampp\htdocs\wordpress\wp-content\themes\thao-nguyen\functions.php on line 151
[29-May-2020 09:00:21 UTC] PHP Warning:  Illegal string offset 'id' in D:\xampp\htdocs\wordpress\wp-content\themes\thao-nguyen\functions.php on line 152
[29-May-2020 09:02:20 UTC] PHP Warning:  Illegal string offset 'name' in D:\xampp\htdocs\wordpress\wp-content\themes\thao-nguyen\functions.php on line 151
[29-May-2020 09:02:20 UTC] PHP Warning:  Illegal string offset 'id' in D:\xampp\htdocs\wordpress\wp-content\themes\thao-nguyen\functions.php on line 152
[29-May-2020 09:02:20 UTC] PHP Warning:  Illegal string offset 'name' in D:\xampp\htdocs\wordpress\wp-content\themes\thao-nguyen\functions.php on line 151
[29-May-2020 09:02:20 UTC] PHP Warning:  Illegal string offset 'id' in D:\xampp\htdocs\wordpress\wp-content\themes\thao-nguyen\functions.php on line 152
[29-May-2020 09:02:20 UTC] PHP Warning:  Illegal string offset 'name' in D:\xampp\htdocs\wordpress\wp-content\themes\thao-nguyen\functions.php on line 151
[29-May-2020 09:02:20 UTC] PHP Warning:  Illegal string offset 'id' in D:\xampp\htdocs\wordpress\wp-content\themes\thao-nguyen\functions.php on line 152
[29-May-2020 09:02:20 UTC] PHP Warning:  Illegal string offset 'name' in D:\xampp\htdocs\wordpress\wp-content\themes\thao-nguyen\functions.php on line 151
[29-May-2020 09:02:20 UTC] PHP Warning:  Illegal string offset 'id' in D:\xampp\htdocs\wordpress\wp-content\themes\thao-nguyen\functions.php on line 152
[29-May-2020 09:02:20 UTC] PHP Warning:  Illegal string offset 'name' in D:\xampp\htdocs\wordpress\wp-content\themes\thao-nguyen\functions.php on line 151
[29-May-2020 09:02:20 UTC] PHP Warning:  Illegal string offset 'id' in D:\xampp\htdocs\wordpress\wp-content\themes\thao-nguyen\functions.php on line 152
[29-May-2020 09:02:21 UTC] PHP Warning:  Illegal string offset 'name' in D:\xampp\htdocs\wordpress\wp-content\themes\thao-nguyen\functions.php on line 151
[29-May-2020 09:02:21 UTC] PHP Warning:  Illegal string offset 'id' in D:\xampp\htdocs\wordpress\wp-content\themes\thao-nguyen\functions.php on line 152
[29-May-2020 09:04:21 UTC] PHP Warning:  Illegal string offset 'name' in D:\xampp\htdocs\wordpress\wp-content\themes\thao-nguyen\functions.php on line 151
[29-May-2020 09:04:21 UTC] PHP Warning:  Illegal string offset 'id' in D:\xampp\htdocs\wordpress\wp-content\themes\thao-nguyen\functions.php on line 152
[29-May-2020 09:04:21 UTC] PHP Warning:  Illegal string offset 'name' in D:\xampp\htdocs\wordpress\wp-content\themes\thao-nguyen\functions.php on line 151
[29-May-2020 09:04:21 UTC] PHP Warning:  Illegal string offset 'id' in D:\xampp\htdocs\wordpress\wp-content\themes\thao-nguyen\functions.php on line 152
[29-May-2020 09:04:21 UTC] PHP Warning:  Illegal string offset 'name' in D:\xampp\htdocs\wordpress\wp-content\themes\thao-nguyen\functions.php on line 151
[29-May-2020 09:04:21 UTC] PHP Warning:  Illegal string offset 'id' in D:\xampp\htdocs\wordpress\wp-content\themes\thao-nguyen\functions.php on line 152
[29-May-2020 09:04:21 UTC] PHP Warning:  Illegal string offset 'name' in D:\xampp\htdocs\wordpress\wp-content\themes\thao-nguyen\functions.php on line 151
[29-May-2020 09:04:21 UTC] PHP Warning:  Illegal string offset 'id' in D:\xampp\htdocs\wordpress\wp-content\themes\thao-nguyen\functions.php on line 152
[29-May-2020 09:04:21 UTC] PHP Warning:  Illegal string offset 'name' in D:\xampp\htdocs\wordpress\wp-content\themes\thao-nguyen\functions.php on line 151
[29-May-2020 09:04:22 UTC] PHP Warning:  Illegal string offset 'id' in D:\xampp\htdocs\wordpress\wp-content\themes\thao-nguyen\functions.php on line 152
[29-May-2020 09:04:22 UTC] PHP Warning:  Illegal string offset 'name' in D:\xampp\htdocs\wordpress\wp-content\themes\thao-nguyen\functions.php on line 151
[29-May-2020 09:04:22 UTC] PHP Warning:  Illegal string offset 'id' in D:\xampp\htdocs\wordpress\wp-content\themes\thao-nguyen\functions.php on line 152
[29-May-2020 09:06:22 UTC] PHP Warning:  Illegal string offset 'name' in D:\xampp\htdocs\wordpress\wp-content\themes\thao-nguyen\functions.php on line 151
[29-May-2020 09:06:22 UTC] PHP Warning:  Illegal string offset 'id' in D:\xampp\htdocs\wordpress\wp-content\themes\thao-nguyen\functions.php on line 152
[29-May-2020 09:06:22 UTC] PHP Warning:  Illegal string offset 'name' in D:\xampp\htdocs\wordpress\wp-content\themes\thao-nguyen\functions.php on line 151
[29-May-2020 09:06:22 UTC] PHP Warning:  Illegal string offset 'id' in D:\xampp\htdocs\wordpress\wp-content\themes\thao-nguyen\functions.php on line 152
[29-May-2020 09:06:22 UTC] PHP Warning:  Illegal string offset 'name' in D:\xampp\htdocs\wordpress\wp-content\themes\thao-nguyen\functions.php on line 151
[29-May-2020 09:06:23 UTC] PHP Warning:  Illegal string offset 'id' in D:\xampp\htdocs\wordpress\wp-content\themes\thao-nguyen\functions.php on line 152
[29-May-2020 09:06:23 UTC] PHP Warning:  Illegal string offset 'name' in D:\xampp\htdocs\wordpress\wp-content\themes\thao-nguyen\functions.php on line 151
[29-May-2020 09:06:23 UTC] PHP Warning:  Illegal string offset 'id' in D:\xampp\htdocs\wordpress\wp-content\themes\thao-nguyen\functions.php on line 152
[29-May-2020 09:06:23 UTC] PHP Warning:  Illegal string offset 'name' in D:\xampp\htdocs\wordpress\wp-content\themes\thao-nguyen\functions.php on line 151
[29-May-2020 09:06:23 UTC] PHP Warning:  Illegal string offset 'id' in D:\xampp\htdocs\wordpress\wp-content\themes\thao-nguyen\functions.php on line 152
[29-May-2020 09:06:23 UTC] PHP Warning:  Illegal string offset 'name' in D:\xampp\htdocs\wordpress\wp-content\themes\thao-nguyen\functions.php on line 151
[29-May-2020 09:06:23 UTC] PHP Warning:  Illegal string offset 'id' in D:\xampp\htdocs\wordpress\wp-content\themes\thao-nguyen\functions.php on line 152
[29-May-2020 09:07:23 UTC] PHP Warning:  Illegal string offset 'name' in D:\xampp\htdocs\wordpress\wp-content\themes\thao-nguyen\functions.php on line 151
[29-May-2020 09:07:23 UTC] PHP Warning:  Illegal string offset 'id' in D:\xampp\htdocs\wordpress\wp-content\themes\thao-nguyen\functions.php on line 152
[29-May-2020 09:07:23 UTC] PHP Warning:  Illegal string offset 'name' in D:\xampp\htdocs\wordpress\wp-content\themes\thao-nguyen\functions.php on line 151
[29-May-2020 09:07:23 UTC] PHP Warning:  Illegal string offset 'id' in D:\xampp\htdocs\wordpress\wp-content\themes\thao-nguyen\functions.php on line 152
[29-May-2020 09:07:23 UTC] PHP Warning:  Illegal string offset 'name' in D:\xampp\htdocs\wordpress\wp-content\themes\thao-nguyen\functions.php on line 151
[29-May-2020 09:07:23 UTC] PHP Warning:  Illegal string offset 'id' in D:\xampp\htdocs\wordpress\wp-content\themes\thao-nguyen\functions.php on line 152
[29-May-2020 09:07:23 UTC] PHP Warning:  Illegal string offset 'name' in D:\xampp\htdocs\wordpress\wp-content\themes\thao-nguyen\functions.php on line 151
[29-May-2020 09:07:23 UTC] PHP Warning:  Illegal string offset 'id' in D:\xampp\htdocs\wordpress\wp-content\themes\thao-nguyen\functions.php on line 152
[29-May-2020 09:07:23 UTC] PHP Warning:  Illegal string offset 'name' in D:\xampp\htdocs\wordpress\wp-content\themes\thao-nguyen\functions.php on line 151
[29-May-2020 09:07:23 UTC] PHP Warning:  Illegal string offset 'id' in D:\xampp\htdocs\wordpress\wp-content\themes\thao-nguyen\functions.php on line 152
[29-May-2020 09:07:23 UTC] PHP Warning:  Illegal string offset 'name' in D:\xampp\htdocs\wordpress\wp-content\themes\thao-nguyen\functions.php on line 151
[29-May-2020 09:07:24 UTC] PHP Warning:  Illegal string offset 'id' in D:\xampp\htdocs\wordpress\wp-content\themes\thao-nguyen\functions.php on line 152
[29-May-2020 09:09:24 UTC] PHP Warning:  Illegal string offset 'name' in D:\xampp\htdocs\wordpress\wp-content\themes\thao-nguyen\functions.php on line 151
[29-May-2020 09:09:24 UTC] PHP Warning:  Illegal string offset 'id' in D:\xampp\htdocs\wordpress\wp-content\themes\thao-nguyen\functions.php on line 152
[29-May-2020 09:09:24 UTC] PHP Warning:  Illegal string offset 'name' in D:\xampp\htdocs\wordpress\wp-content\themes\thao-nguyen\functions.php on line 151
[29-May-2020 09:09:24 UTC] PHP Warning:  Illegal string offset 'id' in D:\xampp\htdocs\wordpress\wp-content\themes\thao-nguyen\functions.php on line 152
[29-May-2020 09:09:24 UTC] PHP Warning:  Illegal string offset 'name' in D:\xampp\htdocs\wordpress\wp-content\themes\thao-nguyen\functions.php on line 151
[29-May-2020 09:09:24 UTC] PHP Warning:  Illegal string offset 'id' in D:\xampp\htdocs\wordpress\wp-content\themes\thao-nguyen\functions.php on line 152
[29-May-2020 09:09:24 UTC] PHP Warning:  Illegal string offset 'name' in D:\xampp\htdocs\wordpress\wp-content\themes\thao-nguyen\functions.php on line 151
[29-May-2020 09:09:24 UTC] PHP Warning:  Illegal string offset 'id' in D:\xampp\htdocs\wordpress\wp-content\themes\thao-nguyen\functions.php on line 152
[29-May-2020 09:09:24 UTC] PHP Warning:  Illegal string offset 'name' in D:\xampp\htdocs\wordpress\wp-content\themes\thao-nguyen\functions.php on line 151
[29-May-2020 09:09:24 UTC] PHP Warning:  Illegal string offset 'id' in D:\xampp\htdocs\wordpress\wp-content\themes\thao-nguyen\functions.php on line 152
[29-May-2020 09:09:25 UTC] PHP Warning:  Illegal string offset 'name' in D:\xampp\htdocs\wordpress\wp-content\themes\thao-nguyen\functions.php on line 151
[29-May-2020 09:09:25 UTC] PHP Warning:  Illegal string offset 'id' in D:\xampp\htdocs\wordpress\wp-content\themes\thao-nguyen\functions.php on line 152
[29-May-2020 09:11:25 UTC] PHP Warning:  Illegal string offset 'name' in D:\xampp\htdocs\wordpress\wp-content\themes\thao-nguyen\functions.php on line 151
[29-May-2020 09:11:25 UTC] PHP Warning:  Illegal string offset 'id' in D:\xampp\htdocs\wordpress\wp-content\themes\thao-nguyen\functions.php on line 152
[29-May-2020 09:11:25 UTC] PHP Warning:  Illegal string offset 'name' in D:\xampp\htdocs\wordpress\wp-content\themes\thao-nguyen\functions.php on line 151
[29-May-2020 09:11:25 UTC] PHP Warning:  Illegal string offset 'id' in D:\xampp\htdocs\wordpress\wp-content\themes\thao-nguyen\functions.php on line 152
[29-May-2020 09:11:26 UTC] PHP Warning:  Illegal string offset 'name' in D:\xampp\htdocs\wordpress\wp-content\themes\thao-nguyen\functions.php on line 151
[29-May-2020 09:11:26 UTC] PHP Warning:  Illegal string offset 'id' in D:\xampp\htdocs\wordpress\wp-content\themes\thao-nguyen\functions.php on line 152
[29-May-2020 09:11:26 UTC] PHP Warning:  Illegal string offset 'name' in D:\xampp\htdocs\wordpress\wp-content\themes\thao-nguyen\functions.php on line 151
[29-May-2020 09:11:26 UTC] PHP Warning:  Illegal string offset 'id' in D:\xampp\htdocs\wordpress\wp-content\themes\thao-nguyen\functions.php on line 152
[29-May-2020 09:11:26 UTC] PHP Warning:  Illegal string offset 'name' in D:\xampp\htdocs\wordpress\wp-content\themes\thao-nguyen\functions.php on line 151
[29-May-2020 09:11:26 UTC] PHP Warning:  Illegal string offset 'id' in D:\xampp\htdocs\wordpress\wp-content\themes\thao-nguyen\functions.php on line 152
[29-May-2020 09:11:26 UTC] PHP Warning:  Illegal string offset 'name' in D:\xampp\htdocs\wordpress\wp-content\themes\thao-nguyen\functions.php on line 151
[29-May-2020 09:11:26 UTC] PHP Warning:  Illegal string offset 'id' in D:\xampp\htdocs\wordpress\wp-content\themes\thao-nguyen\functions.php on line 152
[29-May-2020 09:12:26 UTC] PHP Warning:  Illegal string offset 'name' in D:\xampp\htdocs\wordpress\wp-content\themes\thao-nguyen\functions.php on line 151
[29-May-2020 09:12:26 UTC] PHP Warning:  Illegal string offset 'id' in D:\xampp\htdocs\wordpress\wp-content\themes\thao-nguyen\functions.php on line 152
[29-May-2020 09:12:26 UTC] PHP Warning:  Illegal string offset 'name' in D:\xampp\htdocs\wordpress\wp-content\themes\thao-nguyen\functions.php on line 151
[29-May-2020 09:12:26 UTC] PHP Warning:  Illegal string offset 'id' in D:\xampp\htdocs\wordpress\wp-content\themes\thao-nguyen\functions.php on line 152
[29-May-2020 09:12:26 UTC] PHP Warning:  Illegal string offset 'name' in D:\xampp\htdocs\wordpress\wp-content\themes\thao-nguyen\functions.php on line 151
[29-May-2020 09:12:26 UTC] PHP Warning:  Illegal string offset 'id' in D:\xampp\htdocs\wordpress\wp-content\themes\thao-nguyen\functions.php on line 152
[29-May-2020 09:12:26 UTC] PHP Warning:  Illegal string offset 'name' in D:\xampp\htdocs\wordpress\wp-content\themes\thao-nguyen\functions.php on line 151
[29-May-2020 09:12:26 UTC] PHP Warning:  Illegal string offset 'id' in D:\xampp\htdocs\wordpress\wp-content\themes\thao-nguyen\functions.php on line 152
[29-May-2020 09:12:26 UTC] PHP Warning:  Illegal string offset 'name' in D:\xampp\htdocs\wordpress\wp-content\themes\thao-nguyen\functions.php on line 151
[29-May-2020 09:12:27 UTC] PHP Warning:  Illegal string offset 'id' in D:\xampp\htdocs\wordpress\wp-content\themes\thao-nguyen\functions.php on line 152
[29-May-2020 09:12:27 UTC] PHP Warning:  Illegal string offset 'name' in D:\xampp\htdocs\wordpress\wp-content\themes\thao-nguyen\functions.php on line 151
[29-May-2020 09:12:27 UTC] PHP Warning:  Illegal string offset 'id' in D:\xampp\htdocs\wordpress\wp-content\themes\thao-nguyen\functions.php on line 152
[29-May-2020 09:14:27 UTC] PHP Warning:  Illegal string offset 'name' in D:\xampp\htdocs\wordpress\wp-content\themes\thao-nguyen\functions.php on line 151
[29-May-2020 09:14:27 UTC] PHP Warning:  Illegal string offset 'id' in D:\xampp\htdocs\wordpress\wp-content\themes\thao-nguyen\functions.php on line 152
[29-May-2020 09:14:27 UTC] PHP Warning:  Illegal string offset 'name' in D:\xampp\htdocs\wordpress\wp-content\themes\thao-nguyen\functions.php on line 151
[29-May-2020 09:14:27 UTC] PHP Warning:  Illegal string offset 'id' in D:\xampp\htdocs\wordpress\wp-content\themes\thao-nguyen\functions.php on line 152
[29-May-2020 09:14:27 UTC] PHP Warning:  Illegal string offset 'name' in D:\xampp\htdocs\wordpress\wp-content\themes\thao-nguyen\functions.php on line 151
[29-May-2020 09:14:27 UTC] PHP Warning:  Illegal string offset 'id' in D:\xampp\htdocs\wordpress\wp-content\themes\thao-nguyen\functions.php on line 152
[29-May-2020 09:14:28 UTC] PHP Warning:  Illegal string offset 'name' in D:\xampp\htdocs\wordpress\wp-content\themes\thao-nguyen\functions.php on line 151
[29-May-2020 09:14:28 UTC] PHP Warning:  Illegal string offset 'id' in D:\xampp\htdocs\wordpress\wp-content\themes\thao-nguyen\functions.php on line 152
[29-May-2020 09:14:28 UTC] PHP Warning:  Illegal string offset 'name' in D:\xampp\htdocs\wordpress\wp-content\themes\thao-nguyen\functions.php on line 151
[29-May-2020 09:14:28 UTC] PHP Warning:  Illegal string offset 'id' in D:\xampp\htdocs\wordpress\wp-content\themes\thao-nguyen\functions.php on line 152
[29-May-2020 09:14:28 UTC] PHP Warning:  Illegal string offset 'name' in D:\xampp\htdocs\wordpress\wp-content\themes\thao-nguyen\functions.php on line 151
[29-May-2020 09:14:28 UTC] PHP Warning:  Illegal string offset 'id' in D:\xampp\htdocs\wordpress\wp-content\themes\thao-nguyen\functions.php on line 152
[29-May-2020 09:16:28 UTC] PHP Warning:  Illegal string offset 'name' in D:\xampp\htdocs\wordpress\wp-content\themes\thao-nguyen\functions.php on line 151
[29-May-2020 09:16:28 UTC] PHP Warning:  Illegal string offset 'id' in D:\xampp\htdocs\wordpress\wp-content\themes\thao-nguyen\functions.php on line 152
[29-May-2020 09:16:28 UTC] PHP Warning:  Illegal string offset 'name' in D:\xampp\htdocs\wordpress\wp-content\themes\thao-nguyen\functions.php on line 151
[29-May-2020 09:16:28 UTC] PHP Warning:  Illegal string offset 'id' in D:\xampp\htdocs\wordpress\wp-content\themes\thao-nguyen\functions.php on line 152
[29-May-2020 09:16:28 UTC] PHP Warning:  Illegal string offset 'name' in D:\xampp\htdocs\wordpress\wp-content\themes\thao-nguyen\functions.php on line 151
[29-May-2020 09:16:28 UTC] PHP Warning:  Illegal string offset 'id' in D:\xampp\htdocs\wordpress\wp-content\themes\thao-nguyen\functions.php on line 152
[29-May-2020 09:16:28 UTC] PHP Warning:  Illegal string offset 'name' in D:\xampp\htdocs\wordpress\wp-content\themes\thao-nguyen\functions.php on line 151
[29-May-2020 09:16:28 UTC] PHP Warning:  Illegal string offset 'id' in D:\xampp\htdocs\wordpress\wp-content\themes\thao-nguyen\functions.php on line 152
[29-May-2020 09:16:28 UTC] PHP Warning:  Illegal string offset 'name' in D:\xampp\htdocs\wordpress\wp-content\themes\thao-nguyen\functions.php on line 151
[29-May-2020 09:16:29 UTC] PHP Warning:  Illegal string offset 'id' in D:\xampp\htdocs\wordpress\wp-content\themes\thao-nguyen\functions.php on line 152
[29-May-2020 09:16:29 UTC] PHP Warning:  Illegal string offset 'name' in D:\xampp\htdocs\wordpress\wp-content\themes\thao-nguyen\functions.php on line 151
[29-May-2020 09:16:29 UTC] PHP Warning:  Illegal string offset 'id' in D:\xampp\htdocs\wordpress\wp-content\themes\thao-nguyen\functions.php on line 152
[29-May-2020 09:18:29 UTC] PHP Warning:  Illegal string offset 'name' in D:\xampp\htdocs\wordpress\wp-content\themes\thao-nguyen\functions.php on line 151
[29-May-2020 09:18:29 UTC] PHP Warning:  Illegal string offset 'id' in D:\xampp\htdocs\wordpress\wp-content\themes\thao-nguyen\functions.php on line 152
[29-May-2020 09:18:29 UTC] PHP Warning:  Illegal string offset 'name' in D:\xampp\htdocs\wordpress\wp-content\themes\thao-nguyen\functions.php on line 151
[29-May-2020 09:18:29 UTC] PHP Warning:  Illegal string offset 'id' in D:\xampp\htdocs\wordpress\wp-content\themes\thao-nguyen\functions.php on line 152
[29-May-2020 09:18:29 UTC] PHP Warning:  Illegal string offset 'name' in D:\xampp\htdocs\wordpress\wp-content\themes\thao-nguyen\functions.php on line 151
[29-May-2020 09:18:29 UTC] PHP Warning:  Illegal string offset 'id' in D:\xampp\htdocs\wordpress\wp-content\themes\thao-nguyen\functions.php on line 152
[29-May-2020 09:18:29 UTC] PHP Warning:  Illegal string offset 'name' in D:\xampp\htdocs\wordpress\wp-content\themes\thao-nguyen\functions.php on line 151
[29-May-2020 09:18:29 UTC] PHP Warning:  Illegal string offset 'id' in D:\xampp\htdocs\wordpress\wp-content\themes\thao-nguyen\functions.php on line 152
[29-May-2020 09:18:29 UTC] PHP Warning:  Illegal string offset 'name' in D:\xampp\htdocs\wordpress\wp-content\themes\thao-nguyen\functions.php on line 151
[29-May-2020 09:18:30 UTC] PHP Warning:  Illegal string offset 'id' in D:\xampp\htdocs\wordpress\wp-content\themes\thao-nguyen\functions.php on line 152
[29-May-2020 09:18:30 UTC] PHP Warning:  Illegal string offset 'name' in D:\xampp\htdocs\wordpress\wp-content\themes\thao-nguyen\functions.php on line 151
[29-May-2020 09:18:30 UTC] PHP Warning:  Illegal string offset 'id' in D:\xampp\htdocs\wordpress\wp-content\themes\thao-nguyen\functions.php on line 152
[29-May-2020 09:20:30 UTC] PHP Warning:  Illegal string offset 'name' in D:\xampp\htdocs\wordpress\wp-content\themes\thao-nguyen\functions.php on line 151
[29-May-2020 09:20:30 UTC] PHP Warning:  Illegal string offset 'id' in D:\xampp\htdocs\wordpress\wp-content\themes\thao-nguyen\functions.php on line 152
[29-May-2020 09:20:30 UTC] PHP Warning:  Illegal string offset 'name' in D:\xampp\htdocs\wordpress\wp-content\themes\thao-nguyen\functions.php on line 151
[29-May-2020 09:20:30 UTC] PHP Warning:  Illegal string offset 'id' in D:\xampp\htdocs\wordpress\wp-content\themes\thao-nguyen\functions.php on line 152
[29-May-2020 09:20:30 UTC] PHP Warning:  Illegal string offset 'name' in D:\xampp\htdocs\wordpress\wp-content\themes\thao-nguyen\functions.php on line 151
[29-May-2020 09:20:30 UTC] PHP Warning:  Illegal string offset 'id' in D:\xampp\htdocs\wordpress\wp-content\themes\thao-nguyen\functions.php on line 152
[29-May-2020 09:20:30 UTC] PHP Warning:  Illegal string offset 'name' in D:\xampp\htdocs\wordpress\wp-content\themes\thao-nguyen\functions.php on line 151
[29-May-2020 09:20:31 UTC] PHP Warning:  Illegal string offset 'id' in D:\xampp\htdocs\wordpress\wp-content\themes\thao-nguyen\functions.php on line 152
[29-May-2020 09:20:31 UTC] PHP Warning:  Illegal string offset 'name' in D:\xampp\htdocs\wordpress\wp-content\themes\thao-nguyen\functions.php on line 151
[29-May-2020 09:20:31 UTC] PHP Warning:  Illegal string offset 'id' in D:\xampp\htdocs\wordpress\wp-content\themes\thao-nguyen\functions.php on line 152
[29-May-2020 09:20:31 UTC] PHP Warning:  Illegal string offset 'name' in D:\xampp\htdocs\wordpress\wp-content\themes\thao-nguyen\functions.php on line 151
[29-May-2020 09:20:31 UTC] PHP Warning:  Illegal string offset 'id' in D:\xampp\htdocs\wordpress\wp-content\themes\thao-nguyen\functions.php on line 152
[29-May-2020 09:47:53 UTC] PHP Warning:  Illegal string offset 'name' in D:\xampp\htdocs\wordpress\wp-content\themes\thao-nguyen\functions.php on line 151
[29-May-2020 09:47:53 UTC] PHP Warning:  Illegal string offset 'id' in D:\xampp\htdocs\wordpress\wp-content\themes\thao-nguyen\functions.php on line 152
[29-May-2020 09:47:53 UTC] PHP Warning:  Illegal string offset 'name' in D:\xampp\htdocs\wordpress\wp-content\themes\thao-nguyen\functions.php on line 151
[29-May-2020 09:47:53 UTC] PHP Warning:  Illegal string offset 'id' in D:\xampp\htdocs\wordpress\wp-content\themes\thao-nguyen\functions.php on line 152
[29-May-2020 09:47:53 UTC] PHP Warning:  Illegal string offset 'name' in D:\xampp\htdocs\wordpress\wp-content\themes\thao-nguyen\functions.php on line 151
[29-May-2020 09:47:53 UTC] PHP Warning:  Illegal string offset 'id' in D:\xampp\htdocs\wordpress\wp-content\themes\thao-nguyen\functions.php on line 152
[29-May-2020 09:47:53 UTC] PHP Warning:  Illegal string offset 'name' in D:\xampp\htdocs\wordpress\wp-content\themes\thao-nguyen\functions.php on line 151
[29-May-2020 09:47:53 UTC] PHP Warning:  Illegal string offset 'id' in D:\xampp\htdocs\wordpress\wp-content\themes\thao-nguyen\functions.php on line 152
[29-May-2020 09:47:53 UTC] PHP Warning:  Illegal string offset 'name' in D:\xampp\htdocs\wordpress\wp-content\themes\thao-nguyen\functions.php on line 151
[29-May-2020 09:47:53 UTC] PHP Warning:  Illegal string offset 'id' in D:\xampp\htdocs\wordpress\wp-content\themes\thao-nguyen\functions.php on line 152
[29-May-2020 09:47:53 UTC] PHP Warning:  Illegal string offset 'name' in D:\xampp\htdocs\wordpress\wp-content\themes\thao-nguyen\functions.php on line 151
[29-May-2020 09:47:53 UTC] PHP Warning:  Illegal string offset 'id' in D:\xampp\htdocs\wordpress\wp-content\themes\thao-nguyen\functions.php on line 152
[29-May-2020 09:48:53 UTC] PHP Warning:  Illegal string offset 'name' in D:\xampp\htdocs\wordpress\wp-content\themes\thao-nguyen\functions.php on line 151
[29-May-2020 09:48:53 UTC] PHP Warning:  Illegal string offset 'id' in D:\xampp\htdocs\wordpress\wp-content\themes\thao-nguyen\functions.php on line 152
[29-May-2020 09:48:53 UTC] PHP Warning:  Illegal string offset 'name' in D:\xampp\htdocs\wordpress\wp-content\themes\thao-nguyen\functions.php on line 151
[29-May-2020 09:48:53 UTC] PHP Warning:  Illegal string offset 'id' in D:\xampp\htdocs\wordpress\wp-content\themes\thao-nguyen\functions.php on line 152
[29-May-2020 09:48:53 UTC] PHP Warning:  Illegal string offset 'name' in D:\xampp\htdocs\wordpress\wp-content\themes\thao-nguyen\functions.php on line 151
[29-May-2020 09:48:53 UTC] PHP Warning:  Illegal string offset 'id' in D:\xampp\htdocs\wordpress\wp-content\themes\thao-nguyen\functions.php on line 152
[29-May-2020 09:48:53 UTC] PHP Warning:  Illegal string offset 'name' in D:\xampp\htdocs\wordpress\wp-content\themes\thao-nguyen\functions.php on line 151
[29-May-2020 09:48:53 UTC] PHP Warning:  Illegal string offset 'id' in D:\xampp\htdocs\wordpress\wp-content\themes\thao-nguyen\functions.php on line 152
[29-May-2020 09:48:53 UTC] PHP Warning:  Illegal string offset 'name' in D:\xampp\htdocs\wordpress\wp-content\themes\thao-nguyen\functions.php on line 151
[29-May-2020 09:48:53 UTC] PHP Warning:  Illegal string offset 'id' in D:\xampp\htdocs\wordpress\wp-content\themes\thao-nguyen\functions.php on line 152
[29-May-2020 09:48:53 UTC] PHP Warning:  Illegal string offset 'name' in D:\xampp\htdocs\wordpress\wp-content\themes\thao-nguyen\functions.php on line 151
[29-May-2020 09:48:54 UTC] PHP Warning:  Illegal string offset 'id' in D:\xampp\htdocs\wordpress\wp-content\themes\thao-nguyen\functions.php on line 152
[29-May-2020 09:50:54 UTC] PHP Warning:  Illegal string offset 'name' in D:\xampp\htdocs\wordpress\wp-content\themes\thao-nguyen\functions.php on line 151
[29-May-2020 09:50:54 UTC] PHP Warning:  Illegal string offset 'id' in D:\xampp\htdocs\wordpress\wp-content\themes\thao-nguyen\functions.php on line 152
[29-May-2020 09:50:54 UTC] PHP Warning:  Illegal string offset 'name' in D:\xampp\htdocs\wordpress\wp-content\themes\thao-nguyen\functions.php on line 151
[29-May-2020 09:50:54 UTC] PHP Warning:  Illegal string offset 'id' in D:\xampp\htdocs\wordpress\wp-content\themes\thao-nguyen\functions.php on line 152
[29-May-2020 09:50:54 UTC] PHP Warning:  Illegal string offset 'name' in D:\xampp\htdocs\wordpress\wp-content\themes\thao-nguyen\functions.php on line 151
[29-May-2020 09:50:54 UTC] PHP Warning:  Illegal string offset 'id' in D:\xampp\htdocs\wordpress\wp-content\themes\thao-nguyen\functions.php on line 152
[29-May-2020 09:50:54 UTC] PHP Warning:  Illegal string offset 'name' in D:\xampp\htdocs\wordpress\wp-content\themes\thao-nguyen\functions.php on line 151
[29-May-2020 09:50:54 UTC] PHP Warning:  Illegal string offset 'id' in D:\xampp\htdocs\wordpress\wp-content\themes\thao-nguyen\functions.php on line 152
[29-May-2020 09:50:54 UTC] PHP Warning:  Illegal string offset 'name' in D:\xampp\htdocs\wordpress\wp-content\themes\thao-nguyen\functions.php on line 151
[29-May-2020 09:50:55 UTC] PHP Warning:  Illegal string offset 'id' in D:\xampp\htdocs\wordpress\wp-content\themes\thao-nguyen\functions.php on line 152
[29-May-2020 09:50:55 UTC] PHP Warning:  Illegal string offset 'name' in D:\xampp\htdocs\wordpress\wp-content\themes\thao-nguyen\functions.php on line 151
[29-May-2020 09:50:55 UTC] PHP Warning:  Illegal string offset 'id' in D:\xampp\htdocs\wordpress\wp-content\themes\thao-nguyen\functions.php on line 152
[29-May-2020 09:52:55 UTC] PHP Warning:  Illegal string offset 'name' in D:\xampp\htdocs\wordpress\wp-content\themes\thao-nguyen\functions.php on line 151
[29-May-2020 09:52:55 UTC] PHP Warning:  Illegal string offset 'id' in D:\xampp\htdocs\wordpress\wp-content\themes\thao-nguyen\functions.php on line 152
[29-May-2020 09:52:55 UTC] PHP Warning:  Illegal string offset 'name' in D:\xampp\htdocs\wordpress\wp-content\themes\thao-nguyen\functions.php on line 151
[29-May-2020 09:52:55 UTC] PHP Warning:  Illegal string offset 'id' in D:\xampp\htdocs\wordpress\wp-content\themes\thao-nguyen\functions.php on line 152
[29-May-2020 09:52:55 UTC] PHP Warning:  Illegal string offset 'name' in D:\xampp\htdocs\wordpress\wp-content\themes\thao-nguyen\functions.php on line 151
[29-May-2020 09:52:55 UTC] PHP Warning:  Illegal string offset 'id' in D:\xampp\htdocs\wordpress\wp-content\themes\thao-nguyen\functions.php on line 152
[29-May-2020 09:52:55 UTC] PHP Warning:  Illegal string offset 'name' in D:\xampp\htdocs\wordpress\wp-content\themes\thao-nguyen\functions.php on line 151
[29-May-2020 09:52:55 UTC] PHP Warning:  Illegal string offset 'id' in D:\xampp\htdocs\wordpress\wp-content\themes\thao-nguyen\functions.php on line 152
[29-May-2020 09:52:55 UTC] PHP Warning:  Illegal string offset 'name' in D:\xampp\htdocs\wordpress\wp-content\themes\thao-nguyen\functions.php on line 151
[29-May-2020 09:52:56 UTC] PHP Warning:  Illegal string offset 'id' in D:\xampp\htdocs\wordpress\wp-content\themes\thao-nguyen\functions.php on line 152
[29-May-2020 09:52:56 UTC] PHP Warning:  Illegal string offset 'name' in D:\xampp\htdocs\wordpress\wp-content\themes\thao-nguyen\functions.php on line 151
[29-May-2020 09:52:56 UTC] PHP Warning:  Illegal string offset 'id' in D:\xampp\htdocs\wordpress\wp-content\themes\thao-nguyen\functions.php on line 152
[29-May-2020 09:54:56 UTC] PHP Warning:  Illegal string offset 'name' in D:\xampp\htdocs\wordpress\wp-content\themes\thao-nguyen\functions.php on line 151
[29-May-2020 09:54:56 UTC] PHP Warning:  Illegal string offset 'id' in D:\xampp\htdocs\wordpress\wp-content\themes\thao-nguyen\functions.php on line 152
[29-May-2020 09:54:56 UTC] PHP Warning:  Illegal string offset 'name' in D:\xampp\htdocs\wordpress\wp-content\themes\thao-nguyen\functions.php on line 151
[29-May-2020 09:54:56 UTC] PHP Warning:  Illegal string offset 'id' in D:\xampp\htdocs\wordpress\wp-content\themes\thao-nguyen\functions.php on line 152
[29-May-2020 09:54:56 UTC] PHP Warning:  Illegal string offset 'name' in D:\xampp\htdocs\wordpress\wp-content\themes\thao-nguyen\functions.php on line 151
[29-May-2020 09:54:56 UTC] PHP Warning:  Illegal string offset 'id' in D:\xampp\htdocs\wordpress\wp-content\themes\thao-nguyen\functions.php on line 152
[29-May-2020 09:54:56 UTC] PHP Warning:  Illegal string offset 'name' in D:\xampp\htdocs\wordpress\wp-content\themes\thao-nguyen\functions.php on line 151
[29-May-2020 09:54:56 UTC] PHP Warning:  Illegal string offset 'id' in D:\xampp\htdocs\wordpress\wp-content\themes\thao-nguyen\functions.php on line 152
[29-May-2020 09:54:57 UTC] PHP Warning:  Illegal string offset 'name' in D:\xampp\htdocs\wordpress\wp-content\themes\thao-nguyen\functions.php on line 151
[29-May-2020 09:54:57 UTC] PHP Warning:  Illegal string offset 'id' in D:\xampp\htdocs\wordpress\wp-content\themes\thao-nguyen\functions.php on line 152
[29-May-2020 09:54:57 UTC] PHP Warning:  Illegal string offset 'name' in D:\xampp\htdocs\wordpress\wp-content\themes\thao-nguyen\functions.php on line 151
[29-May-2020 09:54:57 UTC] PHP Warning:  Illegal string offset 'id' in D:\xampp\htdocs\wordpress\wp-content\themes\thao-nguyen\functions.php on line 152
[29-May-2020 09:54:57 UTC] PHP Warning:  Illegal string offset 'name' in D:\xampp\htdocs\wordpress\wp-content\themes\thao-nguyen\functions.php on line 151
[29-May-2020 09:54:57 UTC] PHP Warning:  Illegal string offset 'id' in D:\xampp\htdocs\wordpress\wp-content\themes\thao-nguyen\functions.php on line 152
[29-May-2020 09:54:57 UTC] PHP Warning:  Illegal string offset 'name' in D:\xampp\htdocs\wordpress\wp-content\themes\thao-nguyen\functions.php on line 151
[29-May-2020 09:54:57 UTC] PHP Warning:  Illegal string offset 'id' in D:\xampp\htdocs\wordpress\wp-content\themes\thao-nguyen\functions.php on line 152
[29-May-2020 09:54:57 UTC] PHP Warning:  Illegal string offset 'name' in D:\xampp\htdocs\wordpress\wp-content\themes\thao-nguyen\functions.php on line 151
[29-May-2020 09:54:57 UTC] PHP Warning:  Illegal string offset 'id' in D:\xampp\htdocs\wordpress\wp-content\themes\thao-nguyen\functions.php on line 152
[29-May-2020 09:54:57 UTC] PHP Warning:  Illegal string offset 'name' in D:\xampp\htdocs\wordpress\wp-content\themes\thao-nguyen\functions.php on line 151
[29-May-2020 09:54:57 UTC] PHP Warning:  Illegal string offset 'id' in D:\xampp\htdocs\wordpress\wp-content\themes\thao-nguyen\functions.php on line 152
[29-May-2020 09:54:57 UTC] PHP Warning:  Illegal string offset 'name' in D:\xampp\htdocs\wordpress\wp-content\themes\thao-nguyen\functions.php on line 151
[29-May-2020 09:54:57 UTC] PHP Warning:  Illegal string offset 'id' in D:\xampp\htdocs\wordpress\wp-content\themes\thao-nguyen\functions.php on line 152
[29-May-2020 09:54:57 UTC] PHP Warning:  Illegal string offset 'name' in D:\xampp\htdocs\wordpress\wp-content\themes\thao-nguyen\functions.php on line 151
[29-May-2020 09:54:57 UTC] PHP Warning:  Illegal string offset 'id' in D:\xampp\htdocs\wordpress\wp-content\themes\thao-nguyen\functions.php on line 152
[29-May-2020 09:56:57 UTC] PHP Warning:  Illegal string offset 'name' in D:\xampp\htdocs\wordpress\wp-content\themes\thao-nguyen\functions.php on line 151
[29-May-2020 09:56:57 UTC] PHP Warning:  Illegal string offset 'id' in D:\xampp\htdocs\wordpress\wp-content\themes\thao-nguyen\functions.php on line 152
[29-May-2020 09:56:57 UTC] PHP Warning:  Illegal string offset 'name' in D:\xampp\htdocs\wordpress\wp-content\themes\thao-nguyen\functions.php on line 151
[29-May-2020 09:56:57 UTC] PHP Warning:  Illegal string offset 'id' in D:\xampp\htdocs\wordpress\wp-content\themes\thao-nguyen\functions.php on line 152
[29-May-2020 09:56:57 UTC] PHP Warning:  Illegal string offset 'name' in D:\xampp\htdocs\wordpress\wp-content\themes\thao-nguyen\functions.php on line 151
[29-May-2020 09:56:57 UTC] PHP Warning:  Illegal string offset 'id' in D:\xampp\htdocs\wordpress\wp-content\themes\thao-nguyen\functions.php on line 152
[29-May-2020 09:56:57 UTC] PHP Warning:  Illegal string offset 'name' in D:\xampp\htdocs\wordpress\wp-content\themes\thao-nguyen\functions.php on line 151
[29-May-2020 09:56:57 UTC] PHP Warning:  Illegal string offset 'id' in D:\xampp\htdocs\wordpress\wp-content\themes\thao-nguyen\functions.php on line 152
[29-May-2020 09:56:57 UTC] PHP Warning:  Illegal string offset 'name' in D:\xampp\htdocs\wordpress\wp-content\themes\thao-nguyen\functions.php on line 151
[29-May-2020 09:56:57 UTC] PHP Warning:  Illegal string offset 'id' in D:\xampp\htdocs\wordpress\wp-content\themes\thao-nguyen\functions.php on line 152
[29-May-2020 09:56:58 UTC] PHP Warning:  Illegal string offset 'name' in D:\xampp\htdocs\wordpress\wp-content\themes\thao-nguyen\functions.php on line 151
[29-May-2020 09:56:58 UTC] PHP Warning:  Illegal string offset 'id' in D:\xampp\htdocs\wordpress\wp-content\themes\thao-nguyen\functions.php on line 152
[29-May-2020 10:05:27 UTC] PHP Notice:  Undefined index: name in D:\xampp\htdocs\wordpress\wp-content\themes\thao-nguyen\functions.php on line 145
[29-May-2020 10:05:27 UTC] PHP Warning:  Invalid argument supplied for foreach() in D:\xampp\htdocs\wordpress\wp-content\themes\thao-nguyen\functions.php on line 145
[29-May-2020 10:05:27 UTC] PHP Fatal error:  Uncaught Error: Call to undefined function pr() in D:\xampp\htdocs\wordpress\wp-content\themes\thao-nguyen\functions.php:156
Stack trace:
#0 D:\xampp\htdocs\wordpress\wp-includes\class-wp-hook.php(287): thao_nguyen_widgets_init('')
#1 D:\xampp\htdocs\wordpress\wp-includes\class-wp-hook.php(311): WP_Hook->apply_filters(NULL, Array)
#2 D:\xampp\htdocs\wordpress\wp-includes\plugin.php(478): WP_Hook->do_action(Array)
#3 D:\xampp\htdocs\wordpress\wp-includes\widgets.php(1765): do_action('widgets_init')
#4 D:\xampp\htdocs\wordpress\wp-includes\class-wp-hook.php(287): wp_widgets_init('')
#5 D:\xampp\htdocs\wordpress\wp-includes\class-wp-hook.php(311): WP_Hook->apply_filters(NULL, Array)
#6 D:\xampp\htdocs\wordpress\wp-includes\plugin.php(478): WP_Hook->do_action(Array)
#7 D:\xampp\htdocs\wordpress\wp-settings.php(540): do_action('init')
#8 D:\xampp\htdocs\wordpress\wp-config.php(94): require_once('D:\\xampp\\htdocs...')
#9 D:\xampp\htdocs\wordpress\wp-load.php(37): require_once('D:\\xampp\\htdocs...')
#10 D:\xampp\h in D:\xampp\htdocs\wordpress\wp-content\themes\thao-nguyen\functions.php on line 156
[29-May-2020 10:05:29 UTC] PHP Notice:  Undefined index: name in D:\xampp\htdocs\wordpress\wp-content\themes\thao-nguyen\functions.php on line 145
[29-May-2020 10:05:29 UTC] PHP Warning:  Invalid argument supplied for foreach() in D:\xampp\htdocs\wordpress\wp-content\themes\thao-nguyen\functions.php on line 145
[29-May-2020 10:05:29 UTC] PHP Fatal error:  Uncaught Error: Call to undefined function pr() in D:\xampp\htdocs\wordpress\wp-content\themes\thao-nguyen\functions.php:156
Stack trace:
#0 D:\xampp\htdocs\wordpress\wp-includes\class-wp-hook.php(287): thao_nguyen_widgets_init('')
#1 D:\xampp\htdocs\wordpress\wp-includes\class-wp-hook.php(311): WP_Hook->apply_filters(NULL, Array)
#2 D:\xampp\htdocs\wordpress\wp-includes\plugin.php(478): WP_Hook->do_action(Array)
#3 D:\xampp\htdocs\wordpress\wp-includes\widgets.php(1765): do_action('widgets_init')
#4 D:\xampp\htdocs\wordpress\wp-includes\class-wp-hook.php(287): wp_widgets_init('')
#5 D:\xampp\htdocs\wordpress\wp-includes\class-wp-hook.php(311): WP_Hook->apply_filters(NULL, Array)
#6 D:\xampp\htdocs\wordpress\wp-includes\plugin.php(478): WP_Hook->do_action(Array)
#7 D:\xampp\htdocs\wordpress\wp-settings.php(540): do_action('init')
#8 D:\xampp\htdocs\wordpress\wp-config.php(94): require_once('D:\\xampp\\htdocs...')
#9 D:\xampp\htdocs\wordpress\wp-load.php(37): require_once('D:\\xampp\\htdocs...')
#10 D:\xampp\h in D:\xampp\htdocs\wordpress\wp-content\themes\thao-nguyen\functions.php on line 156
[29-May-2020 10:05:36 UTC] PHP Notice:  Undefined index: name in D:\xampp\htdocs\wordpress\wp-content\themes\thao-nguyen\functions.php on line 145
[29-May-2020 10:05:36 UTC] PHP Warning:  Invalid argument supplied for foreach() in D:\xampp\htdocs\wordpress\wp-content\themes\thao-nguyen\functions.php on line 145
[29-May-2020 10:05:36 UTC] PHP Fatal error:  Uncaught Error: Call to undefined function pr() in D:\xampp\htdocs\wordpress\wp-content\themes\thao-nguyen\functions.php:156
Stack trace:
#0 D:\xampp\htdocs\wordpress\wp-includes\class-wp-hook.php(287): thao_nguyen_widgets_init('')
#1 D:\xampp\htdocs\wordpress\wp-includes\class-wp-hook.php(311): WP_Hook->apply_filters(NULL, Array)
#2 D:\xampp\htdocs\wordpress\wp-includes\plugin.php(478): WP_Hook->do_action(Array)
#3 D:\xampp\htdocs\wordpress\wp-includes\widgets.php(1765): do_action('widgets_init')
#4 D:\xampp\htdocs\wordpress\wp-includes\class-wp-hook.php(287): wp_widgets_init('')
#5 D:\xampp\htdocs\wordpress\wp-includes\class-wp-hook.php(311): WP_Hook->apply_filters(NULL, Array)
#6 D:\xampp\htdocs\wordpress\wp-includes\plugin.php(478): WP_Hook->do_action(Array)
#7 D:\xampp\htdocs\wordpress\wp-settings.php(540): do_action('init')
#8 D:\xampp\htdocs\wordpress\wp-config.php(94): require_once('D:\\xampp\\htdocs...')
#9 D:\xampp\htdocs\wordpress\wp-load.php(37): require_once('D:\\xampp\\htdocs...')
#10 D:\xampp\h in D:\xampp\htdocs\wordpress\wp-content\themes\thao-nguyen\functions.php on line 156
